<?xml version="1.0" encoding="UTF-8"?>
<!-- Generated by org.testng.reporters.JUnitReportReporter -->
<testsuite skipped="0" hostname="DESKTOP-PKG28I6" name="com.training.test.login.ForgotPassword4A" tests="1" failures="0" timestamp="2021-09-29T16:53:52 PDT" time="2.656" errors="0">
  <testcase name="forgotPassswordA" time="2.656" classname="com.training.test.login.ForgotPassword4A"/>
  <system-out/>
</testsuite> <!-- com.training.test.login.ForgotPassword4A -->
