<?xml version="1.0" encoding="UTF-8"?>
<!-- Generated by org.testng.reporters.JUnitReportReporter -->
<testsuite skipped="0" hostname="DESKTOP-PKG28I6" name="com.training.test.contacts.TC27" tests="1" failures="0" timestamp="2021-10-10T09:32:07 PDT" time="12.143" errors="0">
  <testcase name="contacts1" time="12.143" classname="com.training.test.contacts.TC27"/>
  <system-out/>
</testsuite> <!-- com.training.test.contacts.TC27 -->
