<?xml version="1.0" encoding="UTF-8"?>
<!-- Generated by org.testng.reporters.JUnitReportReporter -->
<testsuite skipped="0" hostname="DESKTOP-PKG28I6" name="com.training.test.login.CheckRememberMe3" tests="1" failures="0" timestamp="2021-09-29T16:53:51 PDT" time="6.801" errors="0">
  <testcase name="checkRmememberMe" time="6.801" classname="com.training.test.login.CheckRememberMe3"/>
  <system-out/>
</testsuite> <!-- com.training.test.login.CheckRememberMe3 -->
