<?xml version="1.0" encoding="UTF-8"?>
<!-- Generated by org.testng.reporters.JUnitReportReporter -->
<testsuite skipped="0" hostname="DESKTOP-PKG28I6" name="com.training.test.login.ForgotPassword4B" tests="1" failures="0" timestamp="2021-09-29T16:53:52 PDT" time="6.594" errors="0">
  <testcase name="forgotPasswordB" time="6.594" classname="com.training.test.login.ForgotPassword4B"/>
  <system-out/>
</testsuite> <!-- com.training.test.login.ForgotPassword4B -->
