<?xml version="1.0" encoding="UTF-8"?>
<!-- Generated by org.testng.reporters.JUnitReportReporter -->
<testsuite skipped="0" hostname="DESKTOP-PKG28I6" name="com.training.test.home.TC23" tests="1" failures="0" timestamp="2021-10-09T09:51:13 PDT" time="15.182" errors="0">
  <testcase name="leads1" time="15.182" classname="com.training.test.home.TC23"/>
  <system-out/>
</testsuite> <!-- com.training.test.home.TC23 -->
