<?xml version="1.0" encoding="UTF-8"?>
<!-- Generated by org.testng.reporters.JUnitReportReporter -->
<testsuite skipped="0" hostname="DESKTOP-PKG28I6" name="com.training.test.contacts.TC25" tests="1" failures="0" timestamp="2021-10-09T10:16:47 PDT" time="15.853" errors="0">
  <testcase name="contacts1" time="15.853" classname="com.training.test.contacts.TC25"/>
  <system-out/>
</testsuite> <!-- com.training.test.contacts.TC25 -->
