<?xml version="1.0" encoding="UTF-8"?>
<!-- Generated by org.testng.reporters.JUnitReportReporter -->
<testsuite skipped="0" hostname="DESKTOP-PKG28I6" name="com.training.test.home.TC14" tests="1" failures="0" timestamp="2021-10-04T14:19:28 PDT" time="12.257" errors="0">
  <testcase name="usermenudropdown6" time="12.257" classname="com.training.test.home.TC14"/>
  <system-out/>
</testsuite> <!-- com.training.test.home.TC14 -->
