<?xml version="1.0" encoding="UTF-8"?>
<!-- Generated by org.testng.reporters.JUnitReportReporter -->
<testsuite skipped="0" hostname="DESKTOP-PKG28I6" name="com.training.test.home.TC15" tests="1" failures="0" timestamp="2021-10-10T11:17:36 PDT" time="10.104" errors="0">
  <testcase name="createopportunity1" time="10.104" classname="com.training.test.home.TC15"/>
  <system-out/>
</testsuite> <!-- com.training.test.home.TC15 -->
