<?xml version="1.0" encoding="UTF-8"?>
<!-- Generated by org.testng.reporters.JUnitReportReporter -->
<testsuite skipped="0" hostname="DESKTOP-PKG28I6" name="com.training.test.login.LoginErrorMsg1" tests="1" failures="0" timestamp="2021-09-29T16:53:51 PDT" time="6.947" errors="0">
  <testcase name="invalidateLogin" time="6.947" classname="com.training.test.login.LoginErrorMsg1"/>
  <system-out/>
</testsuite> <!-- com.training.test.login.LoginErrorMsg1 -->
