<?xml version="1.0" encoding="UTF-8"?>
<!-- Generated by org.testng.reporters.JUnitReportReporter -->
<testsuite skipped="0" hostname="DESKTOP-PKG28I6" name="com.training.test.login.LoginToSF2" tests="1" failures="0" timestamp="2021-09-29T16:53:52 PDT" time="8.873" errors="0">
  <testcase name="validateLogin" time="8.873" classname="com.training.test.login.LoginToSF2"/>
  <system-out/>
</testsuite> <!-- com.training.test.login.LoginToSF2 -->
