<?xml version="1.0" encoding="UTF-8"?>
<!-- Generated by org.testng.reporters.JUnitReportReporter -->
<testsuite skipped="0" hostname="DESKTOP-PKG28I6" name="com.training.test.home.TC07" tests="1" failures="0" timestamp="2021-10-03T09:32:38 PDT" time="14.409" errors="0">
  <testcase name="usermenudropdown3" time="14.409" classname="com.training.test.home.TC07"/>
  <system-out/>
</testsuite> <!-- com.training.test.home.TC07 -->
