<?xml version="1.0" encoding="UTF-8"?>
<!-- Generated by org.testng.reporters.JUnitReportReporter -->
<testsuite skipped="0" hostname="DESKTOP-PKG28I6" name="com.training.test.home.TC13" tests="1" failures="0" timestamp="2021-10-14T08:58:27 PDT" time="17.870" errors="0">
  <testcase name="usermenudropdown6" time="17.870" classname="com.training.test.home.TC13"/>
  <system-out/>
</testsuite> <!-- com.training.test.home.TC13 -->
