<?xml version="1.0" encoding="UTF-8"?>
<!-- Generated by org.testng.reporters.JUnitReportReporter -->
<testsuite skipped="0" hostname="DESKTOP-PKG28I6" name="com.training.test.home.TC24" tests="1" failures="0" timestamp="2021-10-07T11:29:39 PDT" time="13.866" errors="0">
  <testcase name="leads1" time="13.866" classname="com.training.test.home.TC24"/>
  <system-out/>
</testsuite> <!-- com.training.test.home.TC24 -->
