<?xml version="1.0" encoding="UTF-8"?>
<!-- Generated by org.testng.reporters.JUnitReportReporter -->
<testsuite skipped="0" hostname="DESKTOP-PKG28I6" name="com.training.test.home.HomeTest" tests="1" failures="0" timestamp="2021-09-26T14:14:22 PDT" time="6.331" errors="0">
  <testcase name="validateLogin" time="6.331" classname="com.training.test.home.HomeTest"/>
  <system-out/>
</testsuite> <!-- com.training.test.home.HomeTest -->
