<?xml version="1.0" encoding="UTF-8"?>
<!-- Generated by org.testng.reporters.JUnitReportReporter -->
<testsuite skipped="0" hostname="DESKTOP-PKG28I6" name="com.training.test.account.TC10" tests="1" failures="0" timestamp="2021-10-14T09:30:21 PDT" time="12.050" errors="0">
  <testcase name="usermenudropdown6" time="12.050" classname="com.training.test.account.TC10"/>
  <system-out/>
</testsuite> <!-- com.training.test.account.TC10 -->
