<?xml version="1.0" encoding="UTF-8"?>
<!-- Generated by org.testng.reporters.JUnitReportReporter -->
<testsuite skipped="0" hostname="DESKTOP-PKG28I6" name="com.training.test.contacts.TC30" tests="1" failures="0" timestamp="2021-10-10T09:47:45 PDT" time="12.504" errors="0">
  <testcase name="contacts1" time="12.504" classname="com.training.test.contacts.TC30"/>
  <system-out/>
</testsuite> <!-- com.training.test.contacts.TC30 -->
