<?xml version="1.0" encoding="UTF-8"?>
<!-- Generated by org.testng.reporters.JUnitReportReporter -->
<testsuite skipped="0" hostname="DESKTOP-PKG28I6" name="com.training.test.home.TC10" tests="1" failures="0" timestamp="2021-10-14T08:32:43 PDT" time="13.284" errors="0">
  <testcase name="usermenudropdown6" time="13.284" classname="com.training.test.home.TC10"/>
  <system-out/>
</testsuite> <!-- com.training.test.home.TC10 -->
