<?xml version="1.0" encoding="UTF-8"?>
<!-- Generated by org.testng.reporters.JUnitReportReporter -->
<testsuite skipped="0" hostname="DESKTOP-PKG28I6" name="com.training.test.home.TC06" tests="1" failures="0" timestamp="2021-10-03T08:05:14 PDT" time="14.487" errors="0">
  <testcase name="usermenudropdown2" time="14.487" classname="com.training.test.home.TC06"/>
  <system-out/>
</testsuite> <!-- com.training.test.home.TC06 -->
